# JRE version: Java(TM) SE Runtime Environment (8.0_131-b11) (build 1.8.0_131-b11)
# Java VM: Java HotSpot(TM) 64-Bit Server VM (25.131-b11 mixed mode windows-amd64 compressed oops)
Heap:
 PSYoungGen      total 246272K, used 174560K [0x00000000d5580000, 0x00000000e8680000, 0x0000000100000000)
  eden space 230912K, 68% used [0x00000000d5580000,0x00000000df0fe280,0x00000000e3700000)
  from space 15360K, 99% used [0x00000000e3700000,0x00000000e45f9fb8,0x00000000e4600000)
  to   space 18432K, 0% used [0x00000000e7480000,0x00000000e7480000,0x00000000e8680000)
 ParOldGen       total 103424K, used 63330K [0x0000000080000000, 0x0000000086500000, 0x00000000d5580000)
  object space 103424K, 61% used [0x0000000080000000,0x0000000083dd8970,0x0000000086500000)
 Metaspace       used 70090K, capacity 72195K, committed 72448K, reserved 1112064K
  class space    used 8958K, capacity 9404K, committed 9472K, reserved 1048576K
GC Heap History (10 events):
Event: 1047.867 GC heap before
{Heap before GC invocations=29 (full 3):
 PSYoungGen      total 164352K, used 164337K [0x00000000d5580000, 0x00000000e3980000, 0x0000000100000000)
  eden space 153600K, 100% used [0x00000000d5580000,0x00000000deb80000,0x00000000deb80000)
  from space 10752K, 99% used [0x00000000deb80000,0x00000000df5fc508,0x00000000df600000)
  to   space 15360K, 0% used [0x00000000e2a80000,0x00000000e2a80000,0x00000000e3980000)
 ParOldGen       total 53760K, used 43056K [0x0000000080000000, 0x0000000083480000, 0x00000000d5580000)
  object space 53760K, 80% used [0x0000000080000000,0x0000000082a0c260,0x0000000083480000)
 Metaspace       used 65508K, capacity 67409K, committed 67712K, reserved 1107968K
  class space    used 8582K, capacity 8995K, committed 9088K, reserved 1048576K
Event: 1047.928 GC heap after
Heap after GC invocations=29 (full 3):
 PSYoungGen      total 200192K, used 11644K [0x00000000d5580000, 0x00000000e3600000, 0x0000000100000000)
  eden space 188416K, 0% used [0x00000000d5580000,0x00000000d5580000,0x00000000e0d80000)
  from space 11776K, 98% used [0x00000000e2a80000,0x00000000e35df0f0,0x00000000e3600000)
  to   space 15872K, 0% used [0x00000000e1700000,0x00000000e1700000,0x00000000e2680000)
 ParOldGen       total 53760K, used 53699K [0x0000000080000000, 0x0000000083480000, 0x00000000d5580000)
  object space 53760K, 99% used [0x0000000080000000,0x0000000083470c30,0x0000000083480000)
 Metaspace       used 65508K, capacity 67409K, committed 67712K, reserved 1107968K
  class space    used 8582K, capacity 8995K, committed 9088K, reserved 1048576K
}
Event: 1047.928 GC heap before
{Heap before GC invocations=30 (full 4):
 PSYoungGen      total 200192K, used 11644K [0x00000000d5580000, 0x00000000e3600000, 0x0000000100000000)
  eden space 188416K, 0% used [0x00000000d5580000,0x00000000d5580000,0x00000000e0d80000)
  from space 11776K, 98% used [0x00000000e2a80000,0x00000000e35df0f0,0x00000000e3600000)
  to   space 15872K, 0% used [0x00000000e1700000,0x00000000e1700000,0x00000000e2680000)
 ParOldGen       total 53760K, used 53699K [0x0000000080000000, 0x0000000083480000, 0x00000000d5580000)
  object space 53760K, 99% used [0x0000000080000000,0x0000000083470c30,0x0000000083480000)
 Metaspace       used 65508K, capacity 67409K, committed 67712K, reserved 1107968K
  class space    used 8582K, capacity 8995K, committed 9088K, reserved 1048576K
Event: 1053.500 GC heap after
Heap after GC invocations=30 (full 4):
 PSYoungGen      total 200192K, used 0K [0x00000000d5580000, 0x00000000e3600000, 0x0000000100000000)
  eden space 188416K, 0% used [0x00000000d5580000,0x00000000d5580000,0x00000000e0d80000)
  from space 11776K, 0% used [0x00000000e2a80000,0x00000000e2a80000,0x00000000e3600000)
  to   space 15872K, 0% used [0x00000000e1700000,0x00000000e1700000,0x00000000e2680000)
 ParOldGen       total 103424K, used 53653K [0x0000000080000000, 0x0000000086500000, 0x00000000d5580000)
  object space 103424K, 51% used [0x0000000080000000,0x0000000083465748,0x0000000086500000)
 Metaspace       used 65506K, capacity 67403K, committed 67712K, reserved 1107968K
  class space    used 8581K, capacity 8994K, committed 9088K, reserved 1048576K
}
Event: 1066.334 GC heap before
{Heap before GC invocations=31 (full 4):
 PSYoungGen      total 200192K, used 188416K [0x00000000d5580000, 0x00000000e3600000, 0x0000000100000000)
  eden space 188416K, 100% used [0x00000000d5580000,0x00000000e0d80000,0x00000000e0d80000)
  from space 11776K, 0% used [0x00000000e2a80000,0x00000000e2a80000,0x00000000e3600000)
  to   space 15872K, 0% used [0x00000000e1700000,0x00000000e1700000,0x00000000e2680000)
 ParOldGen       total 103424K, used 53653K [0x0000000080000000, 0x0000000086500000, 0x00000000d5580000)
  object space 103424K, 51% used [0x0000000080000000,0x0000000083465748,0x0000000086500000)
 Metaspace       used 66112K, capacity 68055K, committed 68224K, reserved 1107968K
  class space    used 8628K, capacity 9054K, committed 9088K, reserved 1048576K
Event: 1066.351 GC heap after
Heap after GC invocations=31 (full 4):
 PSYoungGen      total 214016K, used 7814K [0x00000000d5580000, 0x00000000e5500000, 0x0000000100000000)
  eden space 198144K, 0% used [0x00000000d5580000,0x00000000d5580000,0x00000000e1700000)
  from space 15872K, 49% used [0x00000000e1700000,0x00000000e1ea18a0,0x00000000e2680000)
  to   space 15360K, 0% used [0x00000000e4600000,0x00000000e4600000,0x00000000e5500000)
 ParOldGen       total 103424K, used 53661K [0x0000000080000000, 0x0000000086500000, 0x00000000d5580000)
  object space 103424K, 51% used [0x0000000080000000,0x0000000083467748,0x0000000086500000)
 Metaspace       used 66112K, capacity 68055K, committed 68224K, reserved 1107968K
  class space    used 8628K, capacity 9054K, committed 9088K, reserved 1048576K
}
Event: 1070.841 GC heap before
{Heap before GC invocations=32 (full 4):
 PSYoungGen      total 214016K, used 205958K [0x00000000d5580000, 0x00000000e5500000, 0x0000000100000000)
  eden space 198144K, 100% used [0x00000000d5580000,0x00000000e1700000,0x00000000e1700000)
  from space 15872K, 49% used [0x00000000e1700000,0x00000000e1ea18a0,0x00000000e2680000)
  to   space 15360K, 0% used [0x00000000e4600000,0x00000000e4600000,0x00000000e5500000)
 ParOldGen       total 103424K, used 53661K [0x0000000080000000, 0x0000000086500000, 0x00000000d5580000)
  object space 103424K, 51% used [0x0000000080000000,0x0000000083467748,0x0000000086500000)
 Metaspace       used 66540K, capacity 68517K, committed 68736K, reserved 1110016K
  class space    used 8657K, capacity 9057K, committed 9088K, reserved 1048576K
Event: 1070.866 GC heap after
Heap after GC invocations=32 (full 4):
 PSYoungGen      total 246272K, used 9532K [0x00000000d5580000, 0x00000000e5e00000, 0x0000000100000000)
  eden space 230912K, 0% used [0x00000000d5580000,0x00000000d5580000,0x00000000e3700000)
  from space 15360K, 62% used [0x00000000e4600000,0x00000000e4f4f230,0x00000000e5500000)
  to   space 15360K, 0% used [0x00000000e3700000,0x00000000e3700000,0x00000000e4600000)
 ParOldGen       total 103424K, used 59917K [0x0000000080000000, 0x0000000086500000, 0x00000000d5580000)
  object space 103424K, 57% used [0x0000000080000000,0x0000000083a83450,0x0000000086500000)
 Metaspace       used 66540K, capacity 68517K, committed 68736K, reserved 1110016K
  class space    used 8657K, capacity 9057K, committed 9088K, reserved 1048576K
}
Event: 1082.191 GC heap before
{Heap before GC invocations=33 (full 4):
 PSYoungGen      total 246272K, used 240444K [0x00000000d5580000, 0x00000000e5e00000, 0x0000000100000000)
  eden space 230912K, 100% used [0x00000000d5580000,0x00000000e3700000,0x00000000e3700000)
  from space 15360K, 62% used [0x00000000e4600000,0x00000000e4f4f230,0x00000000e5500000)
  to   space 15360K, 0% used [0x00000000e3700000,0x00000000e3700000,0x00000000e4600000)
 ParOldGen       total 103424K, used 59917K [0x0000000080000000, 0x0000000086500000, 0x00000000d5580000)
  object space 103424K, 57% used [0x0000000080000000,0x0000000083a83450,0x0000000086500000)
 Metaspace       used 69687K, capacity 71779K, committed 71936K, reserved 1112064K
  class space    used 8933K, capacity 9372K, committed 9472K, reserved 1048576K
Event: 1082.225 GC heap after
Heap after GC invocations=33 (full 4):
 PSYoungGen      total 246272K, used 15335K [0x00000000d5580000, 0x00000000e8680000, 0x0000000100000000)
  eden space 230912K, 0% used [0x00000000d5580000,0x00000000d5580000,0x00000000e3700000)
  from space 15360K, 99% used [0x00000000e3700000,0x00000000e45f9fb8,0x00000000e4600000)
  to   space 18432K, 0% used [0x00000000e7480000,0x00000000e7480000,0x00000000e8680000)
 ParOldGen       total 103424K, used 63330K [0x0000000080000000, 0x0000000086500000, 0x00000000d5580000)
  object space 103424K, 61% used [0x0000000080000000,0x0000000083dd8970,0x0000000086500000)
 Metaspace       used 69687K, capacity 71779K, committed 71936K, reserved 1112064K
  class space    used 8933K, capacity 9372K, committed 9472K, reserved 1048576K
}

