# JRE version: Java(TM) SE Runtime Environment (8.0_131-b11) (build 1.8.0_131-b11)
# Java VM: Java HotSpot(TM) 64-Bit Server VM (25.131-b11 mixed mode windows-amd64 compressed oops)
Heap:
 PSYoungGen      total 62976K, used 13825K [0x00000000d5580000, 0x00000000da880000, 0x0000000100000000)
  eden space 58368K, 15% used [0x00000000d5580000,0x00000000d5e82cc0,0x00000000d8e80000)
  from space 4608K, 99% used [0x00000000d9700000,0x00000000d9b7d8f0,0x00000000d9b80000)
  to   space 8704K, 0% used [0x00000000d8e80000,0x00000000d8e80000,0x00000000d9700000)
 ParOldGen       total 36864K, used 11357K [0x0000000080000000, 0x0000000082400000, 0x00000000d5580000)
  object space 36864K, 30% used [0x0000000080000000,0x0000000080b17688,0x0000000082400000)
 Metaspace       used 31660K, capacity 32276K, committed 32768K, reserved 1077248K
  class space    used 4371K, capacity 4534K, committed 4608K, reserved 1048576K
GC Heap History (10 events):
Event: 3.040 GC heap before
{Heap before GC invocations=7 (full 0):
 PSYoungGen      total 38912K, used 28223K [0x00000000d5580000, 0x00000000d8280000, 0x0000000100000000)
  eden space 31744K, 72% used [0x00000000d5580000,0x00000000d6c1f9c0,0x00000000d7480000)
  from space 7168K, 70% used [0x00000000d7b80000,0x00000000d8070628,0x00000000d8280000)
  to   space 7168K, 0% used [0x00000000d7480000,0x00000000d7480000,0x00000000d7b80000)
 ParOldGen       total 42496K, used 7275K [0x0000000080000000, 0x0000000082980000, 0x00000000d5580000)
  object space 42496K, 17% used [0x0000000080000000,0x000000008071ad38,0x0000000082980000)
 Metaspace       used 20835K, capacity 21156K, committed 21296K, reserved 1067008K
  class space    used 2811K, capacity 2937K, committed 2944K, reserved 1048576K
Event: 3.057 GC heap after
Heap after GC invocations=7 (full 0):
 PSYoungGen      total 38912K, used 5492K [0x00000000d5580000, 0x00000000da280000, 0x0000000100000000)
  eden space 31744K, 0% used [0x00000000d5580000,0x00000000d5580000,0x00000000d7480000)
  from space 7168K, 76% used [0x00000000d7480000,0x00000000d79dd3d8,0x00000000d7b80000)
  to   space 7680K, 0% used [0x00000000d9b00000,0x00000000d9b00000,0x00000000da280000)
 ParOldGen       total 42496K, used 7891K [0x0000000080000000, 0x0000000082980000, 0x00000000d5580000)
  object space 42496K, 18% used [0x0000000080000000,0x00000000807b4d78,0x0000000082980000)
 Metaspace       used 20835K, capacity 21156K, committed 21296K, reserved 1067008K
  class space    used 2811K, capacity 2937K, committed 2944K, reserved 1048576K
}
Event: 3.057 GC heap before
{Heap before GC invocations=8 (full 1):
 PSYoungGen      total 38912K, used 5492K [0x00000000d5580000, 0x00000000da280000, 0x0000000100000000)
  eden space 31744K, 0% used [0x00000000d5580000,0x00000000d5580000,0x00000000d7480000)
  from space 7168K, 76% used [0x00000000d7480000,0x00000000d79dd3d8,0x00000000d7b80000)
  to   space 7680K, 0% used [0x00000000d9b00000,0x00000000d9b00000,0x00000000da280000)
 ParOldGen       total 42496K, used 7891K [0x0000000080000000, 0x0000000082980000, 0x00000000d5580000)
  object space 42496K, 18% used [0x0000000080000000,0x00000000807b4d78,0x0000000082980000)
 Metaspace       used 20835K, capacity 21156K, committed 21296K, reserved 1067008K
  class space    used 2811K, capacity 2937K, committed 2944K, reserved 1048576K
Event: 3.149 GC heap after
Heap after GC invocations=8 (full 1):
 PSYoungGen      total 38912K, used 0K [0x00000000d5580000, 0x00000000da280000, 0x0000000100000000)
  eden space 31744K, 0% used [0x00000000d5580000,0x00000000d5580000,0x00000000d7480000)
  from space 7168K, 0% used [0x00000000d7480000,0x00000000d7480000,0x00000000d7b80000)
  to   space 7680K, 0% used [0x00000000d9b00000,0x00000000d9b00000,0x00000000da280000)
 ParOldGen       total 36864K, used 8279K [0x0000000080000000, 0x0000000082400000, 0x00000000d5580000)
  object space 36864K, 22% used [0x0000000080000000,0x0000000080815d40,0x0000000082400000)
 Metaspace       used 20835K, capacity 21156K, committed 21296K, reserved 1067008K
  class space    used 2811K, capacity 2937K, committed 2944K, reserved 1048576K
}
Event: 3.860 GC heap before
{Heap before GC invocations=9 (full 1):
 PSYoungGen      total 38912K, used 31744K [0x00000000d5580000, 0x00000000da280000, 0x0000000100000000)
  eden space 31744K, 100% used [0x00000000d5580000,0x00000000d7480000,0x00000000d7480000)
  from space 7168K, 0% used [0x00000000d7480000,0x00000000d7480000,0x00000000d7b80000)
  to   space 7680K, 0% used [0x00000000d9b00000,0x00000000d9b00000,0x00000000da280000)
 ParOldGen       total 36864K, used 8279K [0x0000000080000000, 0x0000000082400000, 0x00000000d5580000)
  object space 36864K, 22% used [0x0000000080000000,0x0000000080815d40,0x0000000082400000)
 Metaspace       used 23351K, capacity 23692K, committed 23936K, reserved 1069056K
  class space    used 3223K, capacity 3332K, committed 3456K, reserved 1048576K
Event: 3.868 GC heap after
Heap after GC invocations=9 (full 1):
 PSYoungGen      total 48640K, used 3839K [0x00000000d5580000, 0x00000000d9f00000, 0x0000000100000000)
  eden space 44544K, 0% used [0x00000000d5580000,0x00000000d5580000,0x00000000d8100000)
  from space 4096K, 93% used [0x00000000d9b00000,0x00000000d9ebff78,0x00000000d9f00000)
  to   space 7168K, 0% used [0x00000000d9100000,0x00000000d9100000,0x00000000d9800000)
 ParOldGen       total 36864K, used 8287K [0x0000000080000000, 0x0000000082400000, 0x00000000d5580000)
  object space 36864K, 22% used [0x0000000080000000,0x0000000080817d40,0x0000000082400000)
 Metaspace       used 23351K, capacity 23692K, committed 23936K, reserved 1069056K
  class space    used 3223K, capacity 3332K, committed 3456K, reserved 1048576K
}
Event: 4.614 GC heap before
{Heap before GC invocations=10 (full 1):
 PSYoungGen      total 48640K, used 48383K [0x00000000d5580000, 0x00000000d9f00000, 0x0000000100000000)
  eden space 44544K, 100% used [0x00000000d5580000,0x00000000d8100000,0x00000000d8100000)
  from space 4096K, 93% used [0x00000000d9b00000,0x00000000d9ebff78,0x00000000d9f00000)
  to   space 7168K, 0% used [0x00000000d9100000,0x00000000d9100000,0x00000000d9800000)
 ParOldGen       total 36864K, used 8287K [0x0000000080000000, 0x0000000082400000, 0x00000000d5580000)
  object space 36864K, 22% used [0x0000000080000000,0x0000000080817d40,0x0000000082400000)
 Metaspace       used 27047K, capacity 27530K, committed 27776K, reserved 1073152K
  class space    used 3790K, capacity 3951K, committed 3968K, reserved 1048576K
Event: 4.628 GC heap after
Heap after GC invocations=10 (full 1):
 PSYoungGen      total 61440K, used 5819K [0x00000000d5580000, 0x00000000d9b80000, 0x0000000100000000)
  eden space 55296K, 0% used [0x00000000d5580000,0x00000000d5580000,0x00000000d8b80000)
  from space 6144K, 94% used [0x00000000d9100000,0x00000000d96aedc8,0x00000000d9700000)
  to   space 4608K, 0% used [0x00000000d9700000,0x00000000d9700000,0x00000000d9b80000)
 ParOldGen       total 36864K, used 8295K [0x0000000080000000, 0x0000000082400000, 0x00000000d5580000)
  object space 36864K, 22% used [0x0000000080000000,0x0000000080819d40,0x0000000082400000)
 Metaspace       used 27047K, capacity 27530K, committed 27776K, reserved 1073152K
  class space    used 3790K, capacity 3951K, committed 3968K, reserved 1048576K
}
Event: 6.040 GC heap before
{Heap before GC invocations=11 (full 1):
 PSYoungGen      total 61440K, used 61115K [0x00000000d5580000, 0x00000000d9b80000, 0x0000000100000000)
  eden space 55296K, 100% used [0x00000000d5580000,0x00000000d8b80000,0x00000000d8b80000)
  from space 6144K, 94% used [0x00000000d9100000,0x00000000d96aedc8,0x00000000d9700000)
  to   space 4608K, 0% used [0x00000000d9700000,0x00000000d9700000,0x00000000d9b80000)
 ParOldGen       total 36864K, used 8295K [0x0000000080000000, 0x0000000082400000, 0x00000000d5580000)
  object space 36864K, 22% used [0x0000000080000000,0x0000000080819d40,0x0000000082400000)
 Metaspace       used 31009K, capacity 31572K, committed 31872K, reserved 1077248K
  class space    used 4253K, capacity 4406K, committed 4480K, reserved 1048576K
Event: 6.053 GC heap after
Heap after GC invocations=11 (full 1):
 PSYoungGen      total 62976K, used 4598K [0x00000000d5580000, 0x00000000da880000, 0x0000000100000000)
  eden space 58368K, 0% used [0x00000000d5580000,0x00000000d5580000,0x00000000d8e80000)
  from space 4608K, 99% used [0x00000000d9700000,0x00000000d9b7d8f0,0x00000000d9b80000)
  to   space 8704K, 0% used [0x00000000d8e80000,0x00000000d8e80000,0x00000000d9700000)
 ParOldGen       total 36864K, used 11357K [0x0000000080000000, 0x0000000082400000, 0x00000000d5580000)
  object space 36864K, 30% used [0x0000000080000000,0x0000000080b17688,0x0000000082400000)
 Metaspace       used 31009K, capacity 31572K, committed 31872K, reserved 1077248K
  class space    used 4253K, capacity 4406K, committed 4480K, reserved 1048576K
}

