# JRE version: Java(TM) SE Runtime Environment (8.0_131-b11) (build 1.8.0_131-b11)
# Java VM: Java HotSpot(TM) 64-Bit Server VM (25.131-b11 mixed mode windows-amd64 compressed oops)
Heap:
 PSYoungGen      total 233472K, used 44224K [0x00000000d5580000, 0x00000000ea600000, 0x0000000100000000)
  eden space 182272K, 0% used [0x00000000d5580000,0x00000000d5580000,0x00000000e0780000)
  from space 51200K, 86% used [0x00000000e0780000,0x00000000e32b0190,0x00000000e3980000)
  to   space 56832K, 0% used [0x00000000e6e80000,0x00000000e6e80000,0x00000000ea600000)
 ParOldGen       total 111616K, used 106869K [0x0000000080000000, 0x0000000086d00000, 0x00000000d5580000)
  object space 111616K, 95% used [0x0000000080000000,0x000000008685d4c8,0x0000000086d00000)
 Metaspace       used 74551K, capacity 76692K, committed 76928K, reserved 1116160K
  class space    used 9362K, capacity 9838K, committed 9856K, reserved 1048576K
GC Heap History (10 events):
Event: 358.238 GC heap after
Heap after GC invocations=33 (full 4):
 PSYoungGen      total 166400K, used 17567K [0x00000000d5580000, 0x00000000e2700000, 0x0000000100000000)
  eden space 140288K, 0% used [0x00000000d5580000,0x00000000d5580000,0x00000000dde80000)
  from space 26112K, 67% used [0x00000000dde80000,0x00000000defa7df0,0x00000000df800000)
  to   space 27136K, 0% used [0x00000000e0c80000,0x00000000e0c80000,0x00000000e2700000)
 ParOldGen       total 111616K, used 60771K [0x0000000080000000, 0x0000000086d00000, 0x00000000d5580000)
  object space 111616K, 54% used [0x0000000080000000,0x0000000083b58fb8,0x0000000086d00000)
 Metaspace       used 71085K, capacity 73214K, committed 73344K, reserved 1114112K
  class space    used 9078K, capacity 9559K, committed 9600K, reserved 1048576K
}
Event: 361.762 GC heap before
{Heap before GC invocations=34 (full 4):
 PSYoungGen      total 166400K, used 157855K [0x00000000d5580000, 0x00000000e2700000, 0x0000000100000000)
  eden space 140288K, 100% used [0x00000000d5580000,0x00000000dde80000,0x00000000dde80000)
  from space 26112K, 67% used [0x00000000dde80000,0x00000000defa7df0,0x00000000df800000)
  to   space 27136K, 0% used [0x00000000e0c80000,0x00000000e0c80000,0x00000000e2700000)
 ParOldGen       total 111616K, used 60771K [0x0000000080000000, 0x0000000086d00000, 0x00000000d5580000)
  object space 111616K, 54% used [0x0000000080000000,0x0000000083b58fb8,0x0000000086d00000)
 Metaspace       used 73605K, capacity 75764K, committed 75904K, reserved 1116160K
  class space    used 9322K, capacity 9806K, committed 9856K, reserved 1048576K
Event: 361.816 GC heap after
Heap after GC invocations=34 (full 4):
 PSYoungGen      total 180736K, used 27122K [0x00000000d5580000, 0x00000000e3600000, 0x0000000100000000)
  eden space 153600K, 0% used [0x00000000d5580000,0x00000000d5580000,0x00000000deb80000)
  from space 27136K, 99% used [0x00000000e0c80000,0x00000000e26fcbd8,0x00000000e2700000)
  to   space 33792K, 0% used [0x00000000deb80000,0x00000000deb80000,0x00000000e0c80000)
 ParOldGen       total 111616K, used 67067K [0x0000000080000000, 0x0000000086d00000, 0x00000000d5580000)
  object space 111616K, 60% used [0x0000000080000000,0x000000008417eeb8,0x0000000086d00000)
 Metaspace       used 73605K, capacity 75764K, committed 75904K, reserved 1116160K
  class space    used 9322K, capacity 9806K, committed 9856K, reserved 1048576K
}
Event: 362.785 GC heap before
{Heap before GC invocations=35 (full 4):
 PSYoungGen      total 180736K, used 180722K [0x00000000d5580000, 0x00000000e3600000, 0x0000000100000000)
  eden space 153600K, 100% used [0x00000000d5580000,0x00000000deb80000,0x00000000deb80000)
  from space 27136K, 99% used [0x00000000e0c80000,0x00000000e26fcbd8,0x00000000e2700000)
  to   space 33792K, 0% used [0x00000000deb80000,0x00000000deb80000,0x00000000e0c80000)
 ParOldGen       total 111616K, used 67067K [0x0000000080000000, 0x0000000086d00000, 0x00000000d5580000)
  object space 111616K, 60% used [0x0000000080000000,0x000000008417eeb8,0x0000000086d00000)
 Metaspace       used 74335K, capacity 76500K, committed 76672K, reserved 1116160K
  class space    used 9359K, capacity 9838K, committed 9856K, reserved 1048576K
Event: 362.896 GC heap after
Heap after GC invocations=35 (full 4):
 PSYoungGen      total 187392K, used 33767K [0x00000000d5580000, 0x00000000e6480000, 0x0000000100000000)
  eden space 153600K, 0% used [0x00000000d5580000,0x00000000d5580000,0x00000000deb80000)
  from space 33792K, 99% used [0x00000000deb80000,0x00000000e0c79d70,0x00000000e0c80000)
  to   space 44032K, 0% used [0x00000000e3980000,0x00000000e3980000,0x00000000e6480000)
 ParOldGen       total 111616K, used 81334K [0x0000000080000000, 0x0000000086d00000, 0x00000000d5580000)
  object space 111616K, 72% used [0x0000000080000000,0x0000000084f6dbf0,0x0000000086d00000)
 Metaspace       used 74335K, capacity 76500K, committed 76672K, reserved 1116160K
  class space    used 9359K, capacity 9838K, committed 9856K, reserved 1048576K
}
Event: 363.569 GC heap before
{Heap before GC invocations=36 (full 4):
 PSYoungGen      total 187392K, used 187367K [0x00000000d5580000, 0x00000000e6480000, 0x0000000100000000)
  eden space 153600K, 100% used [0x00000000d5580000,0x00000000deb80000,0x00000000deb80000)
  from space 33792K, 99% used [0x00000000deb80000,0x00000000e0c79d70,0x00000000e0c80000)
  to   space 44032K, 0% used [0x00000000e3980000,0x00000000e3980000,0x00000000e6480000)
 ParOldGen       total 111616K, used 81334K [0x0000000080000000, 0x0000000086d00000, 0x00000000d5580000)
  object space 111616K, 72% used [0x0000000080000000,0x0000000084f6dbf0,0x0000000086d00000)
 Metaspace       used 74421K, capacity 76564K, committed 76672K, reserved 1116160K
  class space    used 9360K, capacity 9838K, committed 9856K, reserved 1048576K
Event: 363.686 GC heap after
Heap after GC invocations=36 (full 4):
 PSYoungGen      total 226304K, used 43638K [0x00000000d5580000, 0x00000000e7680000, 0x0000000100000000)
  eden space 182272K, 0% used [0x00000000d5580000,0x00000000d5580000,0x00000000e0780000)
  from space 44032K, 99% used [0x00000000e3980000,0x00000000e641d830,0x00000000e6480000)
  to   space 51200K, 0% used [0x00000000e0780000,0x00000000e0780000,0x00000000e3980000)
 ParOldGen       total 111616K, used 90071K [0x0000000080000000, 0x0000000086d00000, 0x00000000d5580000)
  object space 111616K, 80% used [0x0000000080000000,0x00000000857f5fb8,0x0000000086d00000)
 Metaspace       used 74421K, capacity 76564K, committed 76672K, reserved 1116160K
  class space    used 9360K, capacity 9838K, committed 9856K, reserved 1048576K
}
Event: 364.636 GC heap before
{Heap before GC invocations=37 (full 4):
 PSYoungGen      total 226304K, used 225910K [0x00000000d5580000, 0x00000000e7680000, 0x0000000100000000)
  eden space 182272K, 100% used [0x00000000d5580000,0x00000000e0780000,0x00000000e0780000)
  from space 44032K, 99% used [0x00000000e3980000,0x00000000e641d830,0x00000000e6480000)
  to   space 51200K, 0% used [0x00000000e0780000,0x00000000e0780000,0x00000000e3980000)
 ParOldGen       total 111616K, used 97516K [0x0000000080000000, 0x0000000086d00000, 0x00000000d5580000)
  object space 111616K, 87% used [0x0000000080000000,0x0000000085f3b3a0,0x0000000086d00000)
 Metaspace       used 74551K, capacity 76692K, committed 76928K, reserved 1116160K
  class space    used 9362K, capacity 9838K, committed 9856K, reserved 1048576K
Event: 364.737 GC heap after
Heap after GC invocations=37 (full 4):
 PSYoungGen      total 233472K, used 44224K [0x00000000d5580000, 0x00000000ea600000, 0x0000000100000000)
  eden space 182272K, 0% used [0x00000000d5580000,0x00000000d5580000,0x00000000e0780000)
  from space 51200K, 86% used [0x00000000e0780000,0x00000000e32b0190,0x00000000e3980000)
  to   space 56832K, 0% used [0x00000000e6e80000,0x00000000e6e80000,0x00000000ea600000)
 ParOldGen       total 111616K, used 106869K [0x0000000080000000, 0x0000000086d00000, 0x00000000d5580000)
  object space 111616K, 95% used [0x0000000080000000,0x000000008685d4c8,0x0000000086d00000)
 Metaspace       used 74551K, capacity 76692K, committed 76928K, reserved 1116160K
  class space    used 9362K, capacity 9838K, committed 9856K, reserved 1048576K
}
Event: 364.737 GC heap before
{Heap before GC invocations=38 (full 5):
 PSYoungGen      total 233472K, used 44224K [0x00000000d5580000, 0x00000000ea600000, 0x0000000100000000)
  eden space 182272K, 0% used [0x00000000d5580000,0x00000000d5580000,0x00000000e0780000)
  from space 51200K, 86% used [0x00000000e0780000,0x00000000e32b0190,0x00000000e3980000)
  to   space 56832K, 0% used [0x00000000e6e80000,0x00000000e6e80000,0x00000000ea600000)
 ParOldGen       total 111616K, used 106869K [0x0000000080000000, 0x0000000086d00000, 0x00000000d5580000)
  object space 111616K, 95% used [0x0000000080000000,0x000000008685d4c8,0x0000000086d00000)
 Metaspace       used 74551K, capacity 76692K, committed 76928K, reserved 1116160K
  class space    used 9362K, capacity 9838K, committed 9856K, reserved 1048576K

