# JRE version: Java(TM) SE Runtime Environment (8.0_131-b11) (build 1.8.0_131-b11)
# Java VM: Java HotSpot(TM) 64-Bit Server VM (25.131-b11 mixed mode windows-amd64 compressed oops)
Heap:
 PSYoungGen      total 116224K, used 78646K [0x00000000d5580000, 0x00000000df780000, 0x0000000100000000)
  eden space 103936K, 69% used [0x00000000d5580000,0x00000000d9bc2030,0x00000000dbb00000)
  from space 12288K, 54% used [0x00000000dbb00000,0x00000000dc18b988,0x00000000dc700000)
  to   space 11776K, 0% used [0x00000000dec00000,0x00000000dec00000,0x00000000df780000)
 ParOldGen       total 50176K, used 24509K [0x0000000080000000, 0x0000000083100000, 0x00000000d5580000)
  object space 50176K, 48% used [0x0000000080000000,0x00000000817ef5e0,0x0000000083100000)
 Metaspace       used 48319K, capacity 49696K, committed 49792K, reserved 1091584K
  class space    used 6635K, capacity 6975K, committed 7040K, reserved 1048576K
GC Heap History (10 events):
Event: 7.201 GC heap before
{Heap before GC invocations=13 (full 1):
 PSYoungGen      total 67072K, used 17162K [0x00000000d5580000, 0x00000000db180000, 0x0000000100000000)
  eden space 58368K, 14% used [0x00000000d5580000,0x00000000d5dc2fd0,0x00000000d8e80000)
  from space 8704K, 99% used [0x00000000d8e80000,0x00000000d96ffba8,0x00000000d9700000)
  to   space 10240K, 0% used [0x00000000da780000,0x00000000da780000,0x00000000db180000)
 ParOldGen       total 37376K, used 12317K [0x0000000080000000, 0x0000000082480000, 0x00000000d5580000)
  object space 37376K, 32% used [0x0000000080000000,0x0000000080c077f0,0x0000000082480000)
 Metaspace       used 34639K, capacity 35120K, committed 35456K, reserved 1079296K
  class space    used 4714K, capacity 4888K, committed 4992K, reserved 1048576K
Event: 7.225 GC heap after
Heap after GC invocations=13 (full 1):
 PSYoungGen      total 83968K, used 7114K [0x00000000d5580000, 0x00000000dbe00000, 0x0000000100000000)
  eden space 73728K, 0% used [0x00000000d5580000,0x00000000d5580000,0x00000000d9d80000)
  from space 10240K, 69% used [0x00000000da780000,0x00000000dae728a8,0x00000000db180000)
  to   space 10240K, 0% used [0x00000000d9d80000,0x00000000d9d80000,0x00000000da780000)
 ParOldGen       total 37376K, used 13844K [0x0000000080000000, 0x0000000082480000, 0x00000000d5580000)
  object space 37376K, 37% used [0x0000000080000000,0x0000000080d85110,0x0000000082480000)
 Metaspace       used 34639K, capacity 35120K, committed 35456K, reserved 1079296K
  class space    used 4714K, capacity 4888K, committed 4992K, reserved 1048576K
}
Event: 7.225 GC heap before
{Heap before GC invocations=14 (full 2):
 PSYoungGen      total 83968K, used 7114K [0x00000000d5580000, 0x00000000dbe00000, 0x0000000100000000)
  eden space 73728K, 0% used [0x00000000d5580000,0x00000000d5580000,0x00000000d9d80000)
  from space 10240K, 69% used [0x00000000da780000,0x00000000dae728a8,0x00000000db180000)
  to   space 10240K, 0% used [0x00000000d9d80000,0x00000000d9d80000,0x00000000da780000)
 ParOldGen       total 37376K, used 13844K [0x0000000080000000, 0x0000000082480000, 0x00000000d5580000)
  object space 37376K, 37% used [0x0000000080000000,0x0000000080d85110,0x0000000082480000)
 Metaspace       used 34639K, capacity 35120K, committed 35456K, reserved 1079296K
  class space    used 4714K, capacity 4888K, committed 4992K, reserved 1048576K
Event: 7.346 GC heap after
Heap after GC invocations=14 (full 2):
 PSYoungGen      total 83968K, used 0K [0x00000000d5580000, 0x00000000dbe00000, 0x0000000100000000)
  eden space 73728K, 0% used [0x00000000d5580000,0x00000000d5580000,0x00000000d9d80000)
  from space 10240K, 0% used [0x00000000da780000,0x00000000da780000,0x00000000db180000)
  to   space 10240K, 0% used [0x00000000d9d80000,0x00000000d9d80000,0x00000000da780000)
 ParOldGen       total 50176K, used 15148K [0x0000000080000000, 0x0000000083100000, 0x00000000d5580000)
  object space 50176K, 30% used [0x0000000080000000,0x0000000080ecb150,0x0000000083100000)
 Metaspace       used 34639K, capacity 35120K, committed 35456K, reserved 1079296K
  class space    used 4714K, capacity 4888K, committed 4992K, reserved 1048576K
}
Event: 9.330 GC heap before
{Heap before GC invocations=15 (full 2):
 PSYoungGen      total 83968K, used 73728K [0x00000000d5580000, 0x00000000dbe00000, 0x0000000100000000)
  eden space 73728K, 100% used [0x00000000d5580000,0x00000000d9d80000,0x00000000d9d80000)
  from space 10240K, 0% used [0x00000000da780000,0x00000000da780000,0x00000000db180000)
  to   space 10240K, 0% used [0x00000000d9d80000,0x00000000d9d80000,0x00000000da780000)
 ParOldGen       total 50176K, used 15148K [0x0000000080000000, 0x0000000083100000, 0x00000000d5580000)
  object space 50176K, 30% used [0x0000000080000000,0x0000000080ecb150,0x0000000083100000)
 Metaspace       used 36245K, capacity 37024K, committed 37248K, reserved 1081344K
  class space    used 4962K, capacity 5212K, committed 5248K, reserved 1048576K
Event: 9.350 GC heap after
Heap after GC invocations=15 (full 2):
 PSYoungGen      total 83968K, used 7427K [0x00000000d5580000, 0x00000000dd200000, 0x0000000100000000)
  eden space 73728K, 0% used [0x00000000d5580000,0x00000000d5580000,0x00000000d9d80000)
  from space 10240K, 72% used [0x00000000d9d80000,0x00000000da4c0e50,0x00000000da780000)
  to   space 10752K, 0% used [0x00000000dc780000,0x00000000dc780000,0x00000000dd200000)
 ParOldGen       total 50176K, used 15156K [0x0000000080000000, 0x0000000083100000, 0x00000000d5580000)
  object space 50176K, 30% used [0x0000000080000000,0x0000000080ecd150,0x0000000083100000)
 Metaspace       used 36245K, capacity 37024K, committed 37248K, reserved 1081344K
  class space    used 4962K, capacity 5212K, committed 5248K, reserved 1048576K
}
Event: 15.110 GC heap before
{Heap before GC invocations=16 (full 2):
 PSYoungGen      total 83968K, used 81155K [0x00000000d5580000, 0x00000000dd200000, 0x0000000100000000)
  eden space 73728K, 100% used [0x00000000d5580000,0x00000000d9d80000,0x00000000d9d80000)
  from space 10240K, 72% used [0x00000000d9d80000,0x00000000da4c0e50,0x00000000da780000)
  to   space 10752K, 0% used [0x00000000dc780000,0x00000000dc780000,0x00000000dd200000)
 ParOldGen       total 50176K, used 15156K [0x0000000080000000, 0x0000000083100000, 0x00000000d5580000)
  object space 50176K, 30% used [0x0000000080000000,0x0000000080ecd150,0x0000000083100000)
 Metaspace       used 41957K, capacity 42844K, committed 43136K, reserved 1087488K
  class space    used 5722K, capacity 5992K, committed 6016K, reserved 1048576K
Event: 15.137 GC heap after
Heap after GC invocations=16 (full 2):
 PSYoungGen      total 114688K, used 10747K [0x00000000d5580000, 0x00000000dd300000, 0x0000000100000000)
  eden space 103936K, 0% used [0x00000000d5580000,0x00000000d5580000,0x00000000dbb00000)
  from space 10752K, 99% used [0x00000000dc780000,0x00000000dd1fee10,0x00000000dd200000)
  to   space 12288K, 0% used [0x00000000dbb00000,0x00000000dbb00000,0x00000000dc700000)
 ParOldGen       total 50176K, used 15880K [0x0000000080000000, 0x0000000083100000, 0x00000000d5580000)
  object space 50176K, 31% used [0x0000000080000000,0x0000000080f82058,0x0000000083100000)
 Metaspace       used 41957K, capacity 42844K, committed 43136K, reserved 1087488K
  class space    used 5722K, capacity 5992K, committed 6016K, reserved 1048576K
}
Event: 17.381 GC heap before
{Heap before GC invocations=17 (full 2):
 PSYoungGen      total 114688K, used 114683K [0x00000000d5580000, 0x00000000dd300000, 0x0000000100000000)
  eden space 103936K, 100% used [0x00000000d5580000,0x00000000dbb00000,0x00000000dbb00000)
  from space 10752K, 99% used [0x00000000dc780000,0x00000000dd1fee10,0x00000000dd200000)
  to   space 12288K, 0% used [0x00000000dbb00000,0x00000000dbb00000,0x00000000dc700000)
 ParOldGen       total 50176K, used 15880K [0x0000000080000000, 0x0000000083100000, 0x00000000d5580000)
  object space 50176K, 31% used [0x0000000080000000,0x0000000080f82058,0x0000000083100000)
 Metaspace       used 43803K, capacity 44868K, committed 44928K, reserved 1087488K
  class space    used 5956K, capacity 6213K, committed 6272K, reserved 1048576K
Event: 17.405 GC heap after
Heap after GC invocations=17 (full 2):
 PSYoungGen      total 116224K, used 6702K [0x00000000d5580000, 0x00000000df780000, 0x0000000100000000)
  eden space 103936K, 0% used [0x00000000d5580000,0x00000000d5580000,0x00000000dbb00000)
  from space 12288K, 54% used [0x00000000dbb00000,0x00000000dc18b988,0x00000000dc700000)
  to   space 11776K, 0% used [0x00000000dec00000,0x00000000dec00000,0x00000000df780000)
 ParOldGen       total 50176K, used 24509K [0x0000000080000000, 0x0000000083100000, 0x00000000d5580000)
  object space 50176K, 48% used [0x0000000080000000,0x00000000817ef5e0,0x0000000083100000)
 Metaspace       used 43803K, capacity 44868K, committed 44928K, reserved 1087488K
  class space    used 5956K, capacity 6213K, committed 6272K, reserved 1048576K
}

