# JRE version: Java(TM) SE Runtime Environment (8.0_131-b11) (build 1.8.0_131-b11)
# Java VM: Java HotSpot(TM) 64-Bit Server VM (25.131-b11 mixed mode windows-amd64 compressed oops)
Heap:
 PSYoungGen      total 99328K, used 91643K [0x00000000d5580000, 0x00000000dc800000, 0x0000000100000000)
  eden space 87552K, 91% used [0x00000000d5580000,0x00000000da385e38,0x00000000dab00000)
  from space 11776K, 99% used [0x00000000db800000,0x00000000dc379110,0x00000000dc380000)
  to   space 13312K, 0% used [0x00000000dab00000,0x00000000dab00000,0x00000000db800000)
 ParOldGen       total 59904K, used 19157K [0x0000000080000000, 0x0000000083a80000, 0x00000000d5580000)
  object space 59904K, 31% used [0x0000000080000000,0x00000000812b55c8,0x0000000083a80000)
 Metaspace       used 46073K, capacity 47218K, committed 47360K, reserved 1089536K
  class space    used 6285K, capacity 6566K, committed 6656K, reserved 1048576K
GC Heap History (10 events):
Event: 7.086 GC heap before
{Heap before GC invocations=12 (full 1):
 PSYoungGen      total 62976K, used 60877K [0x00000000d5580000, 0x00000000da880000, 0x0000000100000000)
  eden space 58368K, 96% used [0x00000000d5580000,0x00000000d8c78d28,0x00000000d8e80000)
  from space 4608K, 99% used [0x00000000d9700000,0x00000000d9b7a900,0x00000000d9b80000)
  to   space 8704K, 0% used [0x00000000d8e80000,0x00000000d8e80000,0x00000000d9700000)
 ParOldGen       total 37376K, used 11421K [0x0000000080000000, 0x0000000082480000, 0x00000000d5580000)
  object space 37376K, 30% used [0x0000000080000000,0x0000000080b274f0,0x0000000082480000)
 Metaspace       used 34591K, capacity 35168K, committed 35496K, reserved 1079296K
  class space    used 4709K, capacity 4856K, committed 4864K, reserved 1048576K
Event: 7.108 GC heap after
Heap after GC invocations=12 (full 1):
 PSYoungGen      total 67072K, used 8680K [0x00000000d5580000, 0x00000000db000000, 0x0000000100000000)
  eden space 58368K, 0% used [0x00000000d5580000,0x00000000d5580000,0x00000000d8e80000)
  from space 8704K, 99% used [0x00000000d8e80000,0x00000000d96fa1d8,0x00000000d9700000)
  to   space 10240K, 0% used [0x00000000da600000,0x00000000da600000,0x00000000db000000)
 ParOldGen       total 37376K, used 12428K [0x0000000080000000, 0x0000000082480000, 0x00000000d5580000)
  object space 37376K, 33% used [0x0000000080000000,0x0000000080c231b0,0x0000000082480000)
 Metaspace       used 34591K, capacity 35168K, committed 35496K, reserved 1079296K
  class space    used 4709K, capacity 4856K, committed 4864K, reserved 1048576K
}
Event: 7.108 GC heap before
{Heap before GC invocations=13 (full 2):
 PSYoungGen      total 67072K, used 8680K [0x00000000d5580000, 0x00000000db000000, 0x0000000100000000)
  eden space 58368K, 0% used [0x00000000d5580000,0x00000000d5580000,0x00000000d8e80000)
  from space 8704K, 99% used [0x00000000d8e80000,0x00000000d96fa1d8,0x00000000d9700000)
  to   space 10240K, 0% used [0x00000000da600000,0x00000000da600000,0x00000000db000000)
 ParOldGen       total 37376K, used 12428K [0x0000000080000000, 0x0000000082480000, 0x00000000d5580000)
  object space 37376K, 33% used [0x0000000080000000,0x0000000080c231b0,0x0000000082480000)
 Metaspace       used 34591K, capacity 35168K, committed 35496K, reserved 1079296K
  class space    used 4709K, capacity 4856K, committed 4864K, reserved 1048576K
Event: 7.203 GC heap after
Heap after GC invocations=13 (full 2):
 PSYoungGen      total 67072K, used 0K [0x00000000d5580000, 0x00000000db000000, 0x0000000100000000)
  eden space 58368K, 0% used [0x00000000d5580000,0x00000000d5580000,0x00000000d8e80000)
  from space 8704K, 0% used [0x00000000d8e80000,0x00000000d8e80000,0x00000000d9700000)
  to   space 10240K, 0% used [0x00000000da600000,0x00000000da600000,0x00000000db000000)
 ParOldGen       total 59904K, used 16182K [0x0000000080000000, 0x0000000083a80000, 0x00000000d5580000)
  object space 59904K, 27% used [0x0000000080000000,0x0000000080fcd978,0x0000000083a80000)
 Metaspace       used 34591K, capacity 35168K, committed 35496K, reserved 1079296K
  class space    used 4709K, capacity 4856K, committed 4864K, reserved 1048576K
}
Event: 8.571 GC heap before
{Heap before GC invocations=14 (full 2):
 PSYoungGen      total 67072K, used 58368K [0x00000000d5580000, 0x00000000db000000, 0x0000000100000000)
  eden space 58368K, 100% used [0x00000000d5580000,0x00000000d8e80000,0x00000000d8e80000)
  from space 8704K, 0% used [0x00000000d8e80000,0x00000000d8e80000,0x00000000d9700000)
  to   space 10240K, 0% used [0x00000000da600000,0x00000000da600000,0x00000000db000000)
 ParOldGen       total 59904K, used 16182K [0x0000000080000000, 0x0000000083a80000, 0x00000000d5580000)
  object space 59904K, 27% used [0x0000000080000000,0x0000000080fcd978,0x0000000083a80000)
 Metaspace       used 35501K, capacity 36212K, committed 36608K, reserved 1081344K
  class space    used 4822K, capacity 5019K, committed 5120K, reserved 1048576K
Event: 8.584 GC heap after
Heap after GC invocations=14 (full 2):
 PSYoungGen      total 81408K, used 5243K [0x00000000d5580000, 0x00000000daf00000, 0x0000000100000000)
  eden space 72192K, 0% used [0x00000000d5580000,0x00000000d5580000,0x00000000d9c00000)
  from space 9216K, 56% used [0x00000000da600000,0x00000000dab1eeb0,0x00000000daf00000)
  to   space 9728K, 0% used [0x00000000d9c00000,0x00000000d9c00000,0x00000000da580000)
 ParOldGen       total 59904K, used 16190K [0x0000000080000000, 0x0000000083a80000, 0x00000000d5580000)
  object space 59904K, 27% used [0x0000000080000000,0x0000000080fcf978,0x0000000083a80000)
 Metaspace       used 35501K, capacity 36212K, committed 36608K, reserved 1081344K
  class space    used 4822K, capacity 5019K, committed 5120K, reserved 1048576K
}
Event: 9.896 GC heap before
{Heap before GC invocations=15 (full 2):
 PSYoungGen      total 81408K, used 77435K [0x00000000d5580000, 0x00000000daf00000, 0x0000000100000000)
  eden space 72192K, 100% used [0x00000000d5580000,0x00000000d9c00000,0x00000000d9c00000)
  from space 9216K, 56% used [0x00000000da600000,0x00000000dab1eeb0,0x00000000daf00000)
  to   space 9728K, 0% used [0x00000000d9c00000,0x00000000d9c00000,0x00000000da580000)
 ParOldGen       total 59904K, used 16190K [0x0000000080000000, 0x0000000083a80000, 0x00000000d5580000)
  object space 59904K, 27% used [0x0000000080000000,0x0000000080fcf978,0x0000000083a80000)
 Metaspace       used 41879K, capacity 42796K, committed 42880K, reserved 1085440K
  class space    used 5725K, capacity 5992K, committed 6016K, reserved 1048576K
Event: 9.920 GC heap after
Heap after GC invocations=15 (full 2):
 PSYoungGen      total 81920K, used 9727K [0x00000000d5580000, 0x00000000dc380000, 0x0000000100000000)
  eden space 72192K, 0% used [0x00000000d5580000,0x00000000d5580000,0x00000000d9c00000)
  from space 9728K, 99% used [0x00000000d9c00000,0x00000000da57fff0,0x00000000da580000)
  to   space 11776K, 0% used [0x00000000db800000,0x00000000db800000,0x00000000dc380000)
 ParOldGen       total 59904K, used 18261K [0x0000000080000000, 0x0000000083a80000, 0x00000000d5580000)
  object space 59904K, 30% used [0x0000000080000000,0x00000000811d5710,0x0000000083a80000)
 Metaspace       used 41879K, capacity 42796K, committed 42880K, reserved 1085440K
  class space    used 5725K, capacity 5992K, committed 6016K, reserved 1048576K
}
Event: 10.438 GC heap before
{Heap before GC invocations=16 (full 2):
 PSYoungGen      total 81920K, used 81919K [0x00000000d5580000, 0x00000000dc380000, 0x0000000100000000)
  eden space 72192K, 100% used [0x00000000d5580000,0x00000000d9c00000,0x00000000d9c00000)
  from space 9728K, 99% used [0x00000000d9c00000,0x00000000da57fff0,0x00000000da580000)
  to   space 11776K, 0% used [0x00000000db800000,0x00000000db800000,0x00000000dc380000)
 ParOldGen       total 59904K, used 18261K [0x0000000080000000, 0x0000000083a80000, 0x00000000d5580000)
  object space 59904K, 30% used [0x0000000080000000,0x00000000811d5710,0x0000000083a80000)
 Metaspace       used 42219K, capacity 43116K, committed 43392K, reserved 1087488K
  class space    used 5734K, capacity 5992K, committed 6016K, reserved 1048576K
Event: 10.452 GC heap after
Heap after GC invocations=16 (full 2):
 PSYoungGen      total 99328K, used 11748K [0x00000000d5580000, 0x00000000dc800000, 0x0000000100000000)
  eden space 87552K, 0% used [0x00000000d5580000,0x00000000d5580000,0x00000000dab00000)
  from space 11776K, 99% used [0x00000000db800000,0x00000000dc379110,0x00000000dc380000)
  to   space 13312K, 0% used [0x00000000dab00000,0x00000000dab00000,0x00000000db800000)
 ParOldGen       total 59904K, used 19157K [0x0000000080000000, 0x0000000083a80000, 0x00000000d5580000)
  object space 59904K, 31% used [0x0000000080000000,0x00000000812b55c8,0x0000000083a80000)
 Metaspace       used 42219K, capacity 43116K, committed 43392K, reserved 1087488K
  class space    used 5734K, capacity 5992K, committed 6016K, reserved 1048576K
}

