# JRE version: Java(TM) SE Runtime Environment (8.0_131-b11) (build 1.8.0_131-b11)
# Java VM: Java HotSpot(TM) 64-Bit Server VM (25.131-b11 mixed mode windows-amd64 compressed oops)
Heap:
 PSYoungGen      total 515584K, used 497880K [0x00000000d5580000, 0x00000000fd400000, 0x0000000100000000)
  eden space 450560K, 100% used [0x00000000d5580000,0x00000000f0d80000,0x00000000f0d80000)
  from space 65024K, 72% used [0x00000000f0d80000,0x00000000f3bb6300,0x00000000f4d00000)
  to   space 70144K, 0% used [0x00000000f8f80000,0x00000000f8f80000,0x00000000fd400000)
 ParOldGen       total 208384K, used 147598K [0x0000000080000000, 0x000000008cb80000, 0x00000000d5580000)
  object space 208384K, 70% used [0x0000000080000000,0x0000000089023b08,0x000000008cb80000)
 Metaspace       used 73837K, capacity 76285K, committed 76416K, reserved 1116160K
  class space    used 9312K, capacity 9782K, committed 9856K, reserved 1048576K
GC Heap History (10 events):
Event: 1317.657 GC heap before
{Heap before GC invocations=49 (full 7):
 PSYoungGen      total 422912K, used 422887K [0x00000000d5580000, 0x00000000f9480000, 0x0000000100000000)
  eden space 384000K, 100% used [0x00000000d5580000,0x00000000ecc80000,0x00000000ecc80000)
  from space 38912K, 99% used [0x00000000ecc80000,0x00000000ef279d18,0x00000000ef280000)
  to   space 57856K, 0% used [0x00000000f5c00000,0x00000000f5c00000,0x00000000f9480000)
 ParOldGen       total 135680K, used 100718K [0x0000000080000000, 0x0000000088480000, 0x00000000d5580000)
  object space 135680K, 74% used [0x0000000080000000,0x000000008625bbf0,0x0000000088480000)
 Metaspace       used 73763K, capacity 76221K, committed 76416K, reserved 1116160K
  class space    used 9311K, capacity 9782K, committed 9856K, reserved 1048576K
Event: 1317.978 GC heap after
Heap after GC invocations=49 (full 7):
 PSYoungGen      total 422912K, used 422887K [0x00000000d5580000, 0x00000000f9480000, 0x0000000100000000)
  eden space 384000K, 100% used [0x00000000d5580000,0x00000000ecc80000,0x00000000ecc80000)
  from space 38912K, 99% used [0x00000000ecc80000,0x00000000ef279d18,0x00000000ef280000)
  to   space 57856K, 77% used [0x00000000f5c00000,0x00000000f87f11f8,0x00000000f9480000)
 ParOldGen       total 138240K, used 138080K [0x0000000080000000, 0x0000000088700000, 0x00000000d5580000)
  object space 138240K, 99% used [0x0000000080000000,0x00000000886d8228,0x0000000088700000)
 Metaspace       used 73763K, capacity 76221K, committed 76416K, reserved 1116160K
  class space    used 9311K, capacity 9782K, committed 9856K, reserved 1048576K
}
Event: 1317.978 GC heap before
{Heap before GC invocations=50 (full 8):
 PSYoungGen      total 422912K, used 422887K [0x00000000d5580000, 0x00000000f9480000, 0x0000000100000000)
  eden space 384000K, 100% used [0x00000000d5580000,0x00000000ecc80000,0x00000000ecc80000)
  from space 38912K, 99% used [0x00000000ecc80000,0x00000000ef279d18,0x00000000ef280000)
  to   space 57856K, 77% used [0x00000000f5c00000,0x00000000f87f11f8,0x00000000f9480000)
 ParOldGen       total 138240K, used 138080K [0x0000000080000000, 0x0000000088700000, 0x00000000d5580000)
  object space 138240K, 99% used [0x0000000080000000,0x00000000886d8228,0x0000000088700000)
 Metaspace       used 73763K, capacity 76221K, committed 76416K, reserved 1116160K
  class space    used 9311K, capacity 9782K, committed 9856K, reserved 1048576K
Event: 1320.563 GC heap after
Heap after GC invocations=50 (full 8):
 PSYoungGen      total 422912K, used 0K [0x00000000d5580000, 0x00000000f9480000, 0x0000000100000000)
  eden space 384000K, 0% used [0x00000000d5580000,0x00000000d5580000,0x00000000ecc80000)
  from space 38912K, 0% used [0x00000000ecc80000,0x00000000ecc80000,0x00000000ef280000)
  to   space 57856K, 49% used [0x00000000f5c00000,0x00000000f782f600,0x00000000f9480000)
 ParOldGen       total 224256K, used 137766K [0x0000000080000000, 0x000000008db00000, 0x00000000d5580000)
  object space 224256K, 61% used [0x0000000080000000,0x0000000088689890,0x000000008db00000)
 Metaspace       used 73763K, capacity 76221K, committed 76416K, reserved 1116160K
  class space    used 9311K, capacity 9782K, committed 9856K, reserved 1048576K
}
Event: 1322.329 GC heap before
{Heap before GC invocations=51 (full 9):
 PSYoungGen      total 422912K, used 384000K [0x00000000d5580000, 0x00000000f9480000, 0x0000000100000000)
  eden space 384000K, 100% used [0x00000000d5580000,0x00000000ecc80000,0x00000000ecc80000)
  from space 38912K, 0% used [0x00000000ecc80000,0x00000000ecc80000,0x00000000ef280000)
  to   space 57856K, 49% used [0x00000000f5c00000,0x00000000f782f600,0x00000000f9480000)
 ParOldGen       total 224256K, used 137766K [0x0000000080000000, 0x000000008db00000, 0x00000000d5580000)
  object space 224256K, 61% used [0x0000000080000000,0x0000000088689890,0x000000008db00000)
 Metaspace       used 73796K, capacity 76285K, committed 76416K, reserved 1116160K
  class space    used 9312K, capacity 9782K, committed 9856K, reserved 1048576K
Event: 1322.844 GC heap after
Heap after GC invocations=51 (full 9):
 PSYoungGen      total 422912K, used 0K [0x00000000d5580000, 0x00000000f9480000, 0x0000000100000000)
  eden space 384000K, 0% used [0x00000000d5580000,0x00000000d5580000,0x00000000ecc80000)
  from space 38912K, 0% used [0x00000000ecc80000,0x00000000ecc80000,0x00000000ef280000)
  to   space 57856K, 0% used [0x00000000f5c00000,0x00000000f5c00000,0x00000000f9480000)
 ParOldGen       total 208384K, used 115037K [0x0000000080000000, 0x000000008cb80000, 0x00000000d5580000)
  object space 208384K, 55% used [0x0000000080000000,0x0000000087057648,0x000000008cb80000)
 Metaspace       used 73796K, capacity 76285K, committed 76416K, reserved 1116160K
  class space    used 9312K, capacity 9782K, committed 9856K, reserved 1048576K
}
Event: 1324.251 GC heap before
{Heap before GC invocations=52 (full 9):
 PSYoungGen      total 422912K, used 384000K [0x00000000d5580000, 0x00000000f9480000, 0x0000000100000000)
  eden space 384000K, 100% used [0x00000000d5580000,0x00000000ecc80000,0x00000000ecc80000)
  from space 38912K, 0% used [0x00000000ecc80000,0x00000000ecc80000,0x00000000ef280000)
  to   space 57856K, 0% used [0x00000000f5c00000,0x00000000f5c00000,0x00000000f9480000)
 ParOldGen       total 208384K, used 115037K [0x0000000080000000, 0x000000008cb80000, 0x00000000d5580000)
  object space 208384K, 55% used [0x0000000080000000,0x0000000087057648,0x000000008cb80000)
 Metaspace       used 73815K, capacity 76285K, committed 76416K, reserved 1116160K
  class space    used 9312K, capacity 9782K, committed 9856K, reserved 1048576K
Event: 1324.389 GC heap after
Heap after GC invocations=52 (full 9):
 PSYoungGen      total 498688K, used 49473K [0x00000000d5580000, 0x00000000f8c80000, 0x0000000100000000)
  eden space 449024K, 0% used [0x00000000d5580000,0x00000000d5580000,0x00000000f0c00000)
  from space 49664K, 99% used [0x00000000f5c00000,0x00000000f8c506c0,0x00000000f8c80000)
  to   space 65024K, 0% used [0x00000000f0d80000,0x00000000f0d80000,0x00000000f4d00000)
 ParOldGen       total 208384K, used 115045K [0x0000000080000000, 0x000000008cb80000, 0x00000000d5580000)
  object space 208384K, 55% used [0x0000000080000000,0x0000000087059648,0x000000008cb80000)
 Metaspace       used 73815K, capacity 76285K, committed 76416K, reserved 1116160K
  class space    used 9312K, capacity 9782K, committed 9856K, reserved 1048576K
}
Event: 1325.911 GC heap before
{Heap before GC invocations=53 (full 9):
 PSYoungGen      total 498688K, used 498497K [0x00000000d5580000, 0x00000000f8c80000, 0x0000000100000000)
  eden space 449024K, 100% used [0x00000000d5580000,0x00000000f0c00000,0x00000000f0c00000)
  from space 49664K, 99% used [0x00000000f5c00000,0x00000000f8c506c0,0x00000000f8c80000)
  to   space 65024K, 0% used [0x00000000f0d80000,0x00000000f0d80000,0x00000000f4d00000)
 ParOldGen       total 208384K, used 115045K [0x0000000080000000, 0x000000008cb80000, 0x00000000d5580000)
  object space 208384K, 55% used [0x0000000080000000,0x0000000087059648,0x000000008cb80000)
 Metaspace       used 73826K, capacity 76285K, committed 76416K, reserved 1116160K
  class space    used 9312K, capacity 9782K, committed 9856K, reserved 1048576K
Event: 1326.055 GC heap after
Heap after GC invocations=53 (full 9):
 PSYoungGen      total 515584K, used 47320K [0x00000000d5580000, 0x00000000fd400000, 0x0000000100000000)
  eden space 450560K, 0% used [0x00000000d5580000,0x00000000d5580000,0x00000000f0d80000)
  from space 65024K, 72% used [0x00000000f0d80000,0x00000000f3bb6300,0x00000000f4d00000)
  to   space 70144K, 0% used [0x00000000f8f80000,0x00000000f8f80000,0x00000000fd400000)
 ParOldGen       total 208384K, used 147598K [0x0000000080000000, 0x000000008cb80000, 0x00000000d5580000)
  object space 208384K, 70% used [0x0000000080000000,0x0000000089023b08,0x000000008cb80000)
 Metaspace       used 73826K, capacity 76285K, committed 76416K, reserved 1116160K
  class space    used 9312K, capacity 9782K, committed 9856K, reserved 1048576K
}

